<?xml version="1.0" encoding="UTF-8"?>
<testng-results ignored="0" total="1" passed="1" failed="0" skipped="0">
  <reporter-output>
  </reporter-output>
  <suite started-at="2021-02-28T19:20:55 IST" name="Default suite" finished-at="2021-02-28T19:21:56 IST" duration-ms="61453">
    <groups>
    </groups>
    <test started-at="2021-02-28T19:20:55 IST" name="Default test" finished-at="2021-02-28T19:21:56 IST" duration-ms="61453">
      <class name="AutomationProject.AutomationFramework.Selenium">
        <test-method signature="launchBrowser()[pri:0, instance:AutomationProject.AutomationFramework.Selenium@3571b748]" started-at="2021-02-28T19:20:55 IST" name="launchBrowser" finished-at="2021-02-28T19:21:56 IST" duration-ms="61388" status="PASS">
          <reporter-output>
          </reporter-output>
        </test-method> <!-- launchBrowser -->
      </class> <!-- AutomationProject.AutomationFramework.Selenium -->
    </test> <!-- Default test -->
  </suite> <!-- Default suite -->
</testng-results>
